<?xml version="1.0" encoding="UTF-8"?>
<!-- Generated by org.testng.reporters.JUnitReportReporter -->
<testsuite hostname="DESKTOP-SITGL47" failures="0" tests="2" name="dataProvide" time="0.015" errors="0" timestamp="2023-11-11T18:01:34 IST" skipped="0">
  <testcase classname="dataProvide" name="testCaseData" time="0.006"/>
  <testcase classname="dataProvide" name="testCaseData" time="0.009"/>
</testsuite> <!-- dataProvide -->
